Started GET "/" for 127.0.0.1 at 2021-05-30 12:09:33 +0900
  [1m[35m (2.7ms)[0m  [1m[34mSELECT sqlite_version(*)[0m
Processing by HomeController#index as HTML
  Rendering layout layouts/application.html.erb
  Rendering home/index.html.erb within layouts/application
  Rendered home/index.html.erb within layouts/application (Duration: 2.5ms | Allocations: 1932)
[Webpacker] Compiling...
[Webpacker] Compilation failed:
yarn run v1.22.10
info Visit https://yarnpkg.com/en/docs/cli/run for documentation about this command.


error Command "webpack" not found.

  Rendered layout layouts/application.html.erb (Duration: 1867.8ms | Allocations: 102857)
Completed 500 Internal Server Error in 1882ms (ActiveRecord: 0.0ms | Allocations: 107400)


  
ActionView::Template::Error (Webpacker can't find application.js in /Users/ekwon/ekwon/42_ekwon/ruby_piscine/d04/ex01/NewCheatSheet/public/packs/manifest.json. Possible causes:
1. You want to set webpacker.yml value of compile to true for your environment
   unless you are using the `webpack -w` or the webpack-dev-server.
2. webpack has not yet re-run to reflect updates.
3. You have misconfigured Webpacker's config/webpacker.yml file.
4. Your webpack configuration is not creating a manifest.
Your manifest contains:
{
}
):
     7:     <%= csp_meta_tag %>
     8: 
     9:     <%= stylesheet_link_tag 'application', media: 'all', 'data-turbolinks-track': 'reload' %>
    10:     <%= javascript_pack_tag 'application', 'data-turbolinks-track': 'reload' %>
    11:   </head>
    12: 
    13:   <body>
  
app/views/layouts/application.html.erb:10
Started GET "/" for 127.0.0.1 at 2021-05-30 12:10:45 +0900
  [1m[35m (0.5ms)[0m  [1m[34mSELECT sqlite_version(*)[0m
Processing by HomeController#index as HTML
  Rendering layout layouts/application.html.erb
  Rendering home/index.html.erb within layouts/application
  Rendered home/index.html.erb within layouts/application (Duration: 12.3ms | Allocations: 1825)
[Webpacker] Compiling...
[Webpacker] Compilation failed:
yarn run v1.22.10
info Visit https://yarnpkg.com/en/docs/cli/run for documentation about this command.


error Command "webpack" not found.

  Rendered layout layouts/application.html.erb (Duration: 764.4ms | Allocations: 20561)
Completed 500 Internal Server Error in 772ms (ActiveRecord: 0.0ms | Allocations: 24058)


  
ActionView::Template::Error (Webpacker can't find application.js in /Users/ekwon/ekwon/42_ekwon/ruby_piscine/d04/ex01/NewCheatSheet/public/packs/manifest.json. Possible causes:
1. You want to set webpacker.yml value of compile to true for your environment
   unless you are using the `webpack -w` or the webpack-dev-server.
2. webpack has not yet re-run to reflect updates.
3. You have misconfigured Webpacker's config/webpacker.yml file.
4. Your webpack configuration is not creating a manifest.
Your manifest contains:
{
}
):
     7:     <%= csp_meta_tag %>
     8: 
     9:     <%= stylesheet_link_tag 'application', media: 'all', 'data-turbolinks-track': 'reload' %>
    10:     <%= javascript_pack_tag 'application', 'data-turbolinks-track': 'reload' %>
    11:   </head>
    12: 
    13:   <body>
  
app/views/layouts/application.html.erb:10
Started GET "/" for 127.0.0.1 at 2021-05-30 12:16:39 +0900
  [1m[35m (0.5ms)[0m  [1m[34mSELECT sqlite_version(*)[0m
Processing by HomeController#index as HTML
  Rendering layout layouts/application.html.erb
  Rendering home/index.html.erb within layouts/application
  Rendered home/index.html.erb within layouts/application (Duration: 1.7ms | Allocations: 1825)
[Webpacker] Compiling...
[Webpacker] Compiled all packs in /Users/ekwon/ekwon/42_ekwon/ruby_piscine/d04/ex01/NewCheatSheet/public/packs
[Webpacker] Though the "loose" option was set to "false" in your @babel/preset-env config, it will not be used for @babel/plugin-proposal-private-methods since the "loose" mode option was set to "true" for @babel/plugin-proposal-class-properties.
The "loose" option must be the same for @babel/plugin-proposal-class-properties, @babel/plugin-proposal-private-methods and @babel/plugin-proposal-private-property-in-object (when they are enabled): you can silence this warning by explicitly adding
	["@babel/plugin-proposal-private-methods", { "loose": true }]
to the "plugins" section of your Babel config.
Though the "loose" option was set to "false" in your @babel/preset-env config, it will not be used for @babel/plugin-proposal-private-methods since the "loose" mode option was set to "true" for @babel/plugin-proposal-class-properties.
The "loose" option must be the same for @babel/plugin-proposal-class-properties, @babel/plugin-proposal-private-methods and @babel/plugin-proposal-private-property-in-object (when they are enabled): you can silence this warning by explicitly adding
	["@babel/plugin-proposal-private-methods", { "loose": true }]
to the "plugins" section of your Babel config.
Though the "loose" option was set to "false" in your @babel/preset-env config, it will not be used for @babel/plugin-proposal-private-methods since the "loose" mode option was set to "true" for @babel/plugin-proposal-class-properties.
The "loose" option must be the same for @babel/plugin-proposal-class-properties, @babel/plugin-proposal-private-methods and @babel/plugin-proposal-private-property-in-object (when they are enabled): you can silence this warning by explicitly adding
	["@babel/plugin-proposal-private-methods", { "loose": true }]
to the "plugins" section of your Babel config.
Though the "loose" option was set to "false" in your @babel/preset-env config, it will not be used for @babel/plugin-proposal-private-methods since the "loose" mode option was set to "true" for @babel/plugin-proposal-class-properties.
The "loose" option must be the same for @babel/plugin-proposal-class-properties, @babel/plugin-proposal-private-methods and @babel/plugin-proposal-private-property-in-object (when they are enabled): you can silence this warning by explicitly adding
	["@babel/plugin-proposal-private-methods", { "loose": true }]
to the "plugins" section of your Babel config.
Though the "loose" option was set to "false" in your @babel/preset-env config, it will not be used for @babel/plugin-proposal-private-methods since the "loose" mode option was set to "true" for @babel/plugin-proposal-class-properties.
The "loose" option must be the same for @babel/plugin-proposal-class-properties, @babel/plugin-proposal-private-methods and @babel/plugin-proposal-private-property-in-object (when they are enabled): you can silence this warning by explicitly adding
	["@babel/plugin-proposal-private-methods", { "loose": true }]
to the "plugins" section of your Babel config.
Though the "loose" option was set to "false" in your @babel/preset-env config, it will not be used for @babel/plugin-proposal-private-methods since the "loose" mode option was set to "true" for @babel/plugin-proposal-class-properties.
The "loose" option must be the same for @babel/plugin-proposal-class-properties, @babel/plugin-proposal-private-methods and @babel/plugin-proposal-private-property-in-object (when they are enabled): you can silence this warning by explicitly adding
	["@babel/plugin-proposal-private-methods", { "loose": true }]
to the "plugins" section of your Babel config.

[Webpacker] Hash: e332c6419728fac579d5
Version: webpack 4.46.0
Time: 1173ms
Built at: 05/30/2021 12:16:42 PM
                                     Asset       Size       Chunks                         Chunk Names
    js/application-f826770d917d8a37c1d8.js    125 KiB  application  [emitted] [immutable]  application
js/application-f826770d917d8a37c1d8.js.map    139 KiB  application  [emitted] [dev]        application
                             manifest.json  364 bytes               [emitted]              
Entrypoint application = js/application-f826770d917d8a37c1d8.js js/application-f826770d917d8a37c1d8.js.map
[./app/javascript/channels sync recursive _channel\.js$] ./app/javascript/channels sync _channel\.js$ 160 bytes {application} [built]
[./app/javascript/channels/index.js] 211 bytes {application} [built]
[./app/javascript/packs/application.js] 492 bytes {application} [built]
[./node_modules/webpack/buildin/module.js] (webpack)/buildin/module.js 552 bytes {application} [built]
    + 3 hidden modules

  Rendered layout layouts/application.html.erb (Duration: 2469.1ms | Allocations: 19655)
Completed 200 OK in 2487ms (Views: 2471.4ms | ActiveRecord: 0.0ms | Allocations: 23205)


Started GET "/Rails%20Beginner%20Cheat%20Sheet_files/css" for 127.0.0.1 at 2021-05-30 12:16:42 +0900
Started GET "/Rails%20Beginner%20Cheat%20Sheet_files/pygment_trac.css" for 127.0.0.1 at 2021-05-30 12:16:42 +0900
Started GET "/Rails%20Beginner%20Cheat%20Sheet_files/bootstrap.js" for 127.0.0.1 at 2021-05-30 12:16:42 +0900
  
ActionController::RoutingError (No route matches [GET] "/Rails%20Beginner%20Cheat%20Sheet_files/bootstrap.js"):
  
  
ActionController::RoutingError (No route matches [GET] "/Rails%20Beginner%20Cheat%20Sheet_files/css"):
  
  
ActionController::RoutingError (No route matches [GET] "/Rails%20Beginner%20Cheat%20Sheet_files/pygment_trac.css"):
  
Started GET "/Rails%20Beginner%20Cheat%20Sheet_files/stylesheet.css" for 127.0.0.1 at 2021-05-30 12:16:42 +0900
Started GET "/Rails%20Beginner%20Cheat%20Sheet_files/jquery-1.9.1.min.js" for 127.0.0.1 at 2021-05-30 12:16:42 +0900
  
ActionController::RoutingError (No route matches [GET] "/Rails%20Beginner%20Cheat%20Sheet_files/jquery-1.9.1.min.js"):
  
  
ActionController::RoutingError (No route matches [GET] "/Rails%20Beginner%20Cheat%20Sheet_files/stylesheet.css"):
  
Started GET "/Rails%20Beginner%20Cheat%20Sheet_files/main.js" for 127.0.0.1 at 2021-05-30 12:16:42 +0900
  
ActionController::RoutingError (No route matches [GET] "/Rails%20Beginner%20Cheat%20Sheet_files/main.js"):
  
Started GET "/Rails%20Beginner%20Cheat%20Sheet_files/print.css" for 127.0.0.1 at 2021-05-30 12:16:42 +0900
Started GET "/Rails%20Beginner%20Cheat%20Sheet_files/stylesheet.css" for 127.0.0.1 at 2021-05-30 12:16:42 +0900
  
ActionController::RoutingError (No route matches [GET] "/Rails%20Beginner%20Cheat%20Sheet_files/print.css"):
  
  
ActionController::RoutingError (No route matches [GET] "/Rails%20Beginner%20Cheat%20Sheet_files/stylesheet.css"):
  
Started GET "/Rails%20Beginner%20Cheat%20Sheet_files/jquery-1.9.1.min.js" for 127.0.0.1 at 2021-05-30 12:16:42 +0900
  
ActionController::RoutingError (No route matches [GET] "/Rails%20Beginner%20Cheat%20Sheet_files/jquery-1.9.1.min.js"):
  
Started GET "/Rails%20Beginner%20Cheat%20Sheet_files/bootstrap.js" for 127.0.0.1 at 2021-05-30 12:16:42 +0900
  
ActionController::RoutingError (No route matches [GET] "/Rails%20Beginner%20Cheat%20Sheet_files/bootstrap.js"):
  
Started GET "/Rails%20Beginner%20Cheat%20Sheet_files/main.js" for 127.0.0.1 at 2021-05-30 12:16:42 +0900
  
ActionController::RoutingError (No route matches [GET] "/Rails%20Beginner%20Cheat%20Sheet_files/main.js"):
  
